20:33:22 **** Incremental Build of configuration Debug for project HW2_207 ****
make all 
Building target: HW2_207
Invoking: MacOS X C Linker
gcc  -stdlib=libstdc++  -o "HW2_207"  ./main.o   
Undefined symbols for architecture x86_64:
  "_errexit", referenced from:
      _main in main.o
      _TCPechod in main.o
  "_passiveTCP", referenced from:
      _main in main.o
ld: symbol(s) not found for architecture x86_64
clang: error: linker command failed with exit code 1 (use -v to see invocation)
make: *** [HW2_207] Error 1

20:33:23 Build Finished (took 1s.326ms)

